<?xml version="1.0" encoding="UTF-8"?>
<!-- Generated by org.testng.reporters.JUnitReportReporter -->
<testsuite hostname="UJJAWALSINGH" failures="0" tests="1" name="practice.SampleTestNG" time="0.015" errors="0" timestamp="2023-04-06T19:54:26 IST" skipped="0">
  <testcase classname="practice.SampleTestNG" name="deleteProduct" time="0.015"/>
  <system-out/>
</testsuite> <!-- practice.SampleTestNG -->
