<?xml version="1.0" encoding="UTF-8"?>
<!-- Generated by org.testng.reporters.JUnitReportReporter -->
<testsuite hostname="UJJAWALSINGH" failures="0" tests="1" name="Organization.CreateOrganizationTest" time="14.161" errors="0" timestamp="2023-04-06T20:52:07 IST" skipped="0">
  <testcase classname="Organization.CreateOrganizationTest" name="createOrganization" time="14.161"/>
  <system-out/>
</testsuite> <!-- Organization.CreateOrganizationTest -->
